<?xml version="1.0" encoding="UTF-8"?>
<!-- Generated by org.testng.reporters.JUnitXMLReporter -->
<testsuite ignored="0" hostname="LAPTOP-TSK6EB5J" failures="0" tests="6" name="mytest" time="10.443" errors="0" timestamp="2024-01-15T23:14:31 IST">
  <testcase classname="Day34.SecondTest" name="OpenApp" time="8.743"/>
  <testcase classname="Day34.SecondTest" name="login" time="1.193"/>
  <testcase classname="Day34.SecondTest" name="logout" time="0.392"/>
  <testcase classname="Day34.ThirdTestCase" name="test1" time="0.003"/>
  <testcase classname="Day34.ThirdTestCase" name="test2" time="0.005"/>
  <testcase classname="Day34.ThirdTestCase" name="test3" time="0.004"/>
</testsuite> <!-- mytest -->
