<?xml version="1.0" encoding="UTF-8"?>
<!-- Generated by org.testng.reporters.JUnitXMLReporter -->
<testsuite ignored="6" hostname="LAPTOP-TSK6EB5J" failures="0" tests="3" name="my test" time="0.14" errors="0" timestamp="2024-01-18T11:22:23 IST">
  <testcase classname="Day36.Grouping" name="signupbyfacebook" time="0.021"/>
  <testcase classname="Day36.Grouping" name="signupbytwitter" time="0.009"/>
  <testcase classname="Day36.Grouping" name="PaymentreturnBank" time="0.005"/>
  <testcase classname="Day36.Grouping" name="paymentinrupees" time="0.0">
    <ignored/>
  </testcase> <!-- paymentinrupees -->
  <testcase classname="Day36.Grouping" name="loginBytwitter" time="0.0">
    <ignored/>
  </testcase> <!-- loginBytwitter -->
  <testcase classname="Day36.Grouping" name="signupbyemail" time="0.0">
    <ignored/>
  </testcase> <!-- signupbyemail -->
  <testcase classname="Day36.Grouping" name="loginByfacebook" time="0.0">
    <ignored/>
  </testcase> <!-- loginByfacebook -->
  <testcase classname="Day36.Grouping" name="loginByEmail" time="0.0">
    <ignored/>
  </testcase> <!-- loginByEmail -->
  <testcase classname="Day36.Grouping" name="paymentindollar" time="0.0">
    <ignored/>
  </testcase> <!-- paymentindollar -->
</testsuite> <!-- my test -->
